{"/Users/isp/Projects/hexagon-3d/dist/hexagon.service.js":{"path":"/Users/isp/Projects/hexagon-3d/dist/hexagon.service.js","s":{"1":1,"2":2,"3":0,"4":0,"5":0,"6":0,"7":0,"8":0,"9":2,"10":1,"11":1,"12":1,"13":1,"14":1,"15":1,"16":1,"17":2,"18":2,"19":2,"20":2,"21":2,"22":2,"23":2,"24":1},"b":{"1":[1,1,1],"2":[2,0],"3":[0,0],"4":[2,0],"5":[1,1],"6":[2,0],"7":[2,0],"8":[2,0],"9":[2,0],"10":[1,1],"11":[2,0],"12":[2,0],"13":[2,0],"14":[2,0],"15":[0,2],"16":[0,2],"17":[1,1]},"f":{"1":2,"2":0,"3":2},"fnMap":{"1":{"name":"(anonymous_1)","line":2,"loc":{"start":{"line":2,"column":42},"end":{"line":2,"column":54}}},"2":{"name":"(anonymous_2)","line":3,"loc":{"start":{"line":3,"column":32},"end":{"line":3,"column":44}}},"3":{"name":"(anonymous_3)","line":19,"loc":{"start":{"line":19,"column":16},"end":{"line":19,"column":30}}}},"statementMap":{"1":{"start":{"line":2,"column":0},"end":{"line":12,"column":2}},"2":{"start":{"line":3,"column":4},"end":{"line":10,"column":6}},"3":{"start":{"line":4,"column":8},"end":{"line":8,"column":9}},"4":{"start":{"line":5,"column":12},"end":{"line":5,"column":29}},"5":{"start":{"line":6,"column":12},"end":{"line":7,"column":28}},"6":{"start":{"line":6,"column":29},"end":{"line":7,"column":28}},"7":{"start":{"line":7,"column":16},"end":{"line":7,"column":28}},"8":{"start":{"line":9,"column":8},"end":{"line":9,"column":17}},"9":{"start":{"line":11,"column":4},"end":{"line":11,"column":43}},"10":{"start":{"line":13,"column":0},"end":{"line":13,"column":62}},"11":{"start":{"line":14,"column":0},"end":{"line":14,"column":107}},"12":{"start":{"line":15,"column":0},"end":{"line":15,"column":100}},"13":{"start":{"line":16,"column":0},"end":{"line":16,"column":52}},"14":{"start":{"line":17,"column":0},"end":{"line":17,"column":103}},"15":{"start":{"line":18,"column":0},"end":{"line":18,"column":61}},"16":{"start":{"line":19,"column":0},"end":{"line":136,"column":2}},"17":{"start":{"line":20,"column":4},"end":{"line":20,"column":672}},"18":{"start":{"line":21,"column":4},"end":{"line":21,"column":34}},"19":{"start":{"line":22,"column":4},"end":{"line":22,"column":34}},"20":{"start":{"line":23,"column":4},"end":{"line":23,"column":81}},"21":{"start":{"line":24,"column":4},"end":{"line":35,"column":6}},"22":{"start":{"line":36,"column":4},"end":{"line":50,"column":6}},"23":{"start":{"line":51,"column":4},"end":{"line":135,"column":6}},"24":{"start":{"line":137,"column":0},"end":{"line":137,"column":28}}},"branchMap":{"1":{"line":2,"type":"binary-expr","locations":[{"start":{"line":2,"column":16},"end":{"line":2,"column":20}},{"start":{"line":2,"column":24},"end":{"line":2,"column":37}},{"start":{"line":2,"column":42},"end":{"line":12,"column":1}}]},"2":{"line":3,"type":"binary-expr","locations":[{"start":{"line":3,"column":15},"end":{"line":3,"column":28}},{"start":{"line":3,"column":32},"end":{"line":10,"column":5}}]},"3":{"line":6,"type":"if","locations":[{"start":{"line":6,"column":29},"end":{"line":6,"column":29}},{"start":{"line":6,"column":29},"end":{"line":6,"column":29}}]},"4":{"line":20,"type":"cond-expr","locations":[{"start":{"line":20,"column":47},"end":{"line":20,"column":49}},{"start":{"line":20,"column":52},"end":{"line":20,"column":54}}]},"5":{"line":20,"type":"cond-expr","locations":[{"start":{"line":20,"column":97},"end":{"line":20,"column":99}},{"start":{"line":20,"column":102},"end":{"line":20,"column":104}}]},"6":{"line":20,"type":"cond-expr","locations":[{"start":{"line":20,"column":149},"end":{"line":20,"column":151}},{"start":{"line":20,"column":154},"end":{"line":20,"column":156}}]},"7":{"line":20,"type":"cond-expr","locations":[{"start":{"line":20,"column":201},"end":{"line":20,"column":203}},{"start":{"line":20,"column":206},"end":{"line":20,"column":208}}]},"8":{"line":20,"type":"cond-expr","locations":[{"start":{"line":20,"column":259},"end":{"line":20,"column":264}},{"start":{"line":20,"column":267},"end":{"line":20,"column":269}}]},"9":{"line":20,"type":"cond-expr","locations":[{"start":{"line":20,"column":322},"end":{"line":20,"column":337}},{"start":{"line":20,"column":340},"end":{"line":20,"column":342}}]},"10":{"line":20,"type":"cond-expr","locations":[{"start":{"line":20,"column":387},"end":{"line":20,"column":392}},{"start":{"line":20,"column":395},"end":{"line":20,"column":397}}]},"11":{"line":20,"type":"cond-expr","locations":[{"start":{"line":20,"column":456},"end":{"line":20,"column":474}},{"start":{"line":20,"column":477},"end":{"line":20,"column":479}}]},"12":{"line":20,"type":"cond-expr","locations":[{"start":{"line":20,"column":530},"end":{"line":20,"column":544}},{"start":{"line":20,"column":547},"end":{"line":20,"column":549}}]},"13":{"line":20,"type":"cond-expr","locations":[{"start":{"line":20,"column":594},"end":{"line":20,"column":597}},{"start":{"line":20,"column":600},"end":{"line":20,"column":602}}]},"14":{"line":20,"type":"cond-expr","locations":[{"start":{"line":20,"column":661},"end":{"line":20,"column":666}},{"start":{"line":20,"column":669},"end":{"line":20,"column":671}}]},"15":{"line":47,"type":"cond-expr","locations":[{"start":{"line":47,"column":32},"end":{"line":47,"column":43}},{"start":{"line":47,"column":46},"end":{"line":47,"column":53}}]},"16":{"line":48,"type":"cond-expr","locations":[{"start":{"line":48,"column":37},"end":{"line":48,"column":59}},{"start":{"line":48,"column":62},"end":{"line":48,"column":69}}]},"17":{"line":51,"type":"cond-expr","locations":[{"start":{"line":51,"column":22},"end":{"line":92,"column":5}},{"start":{"line":92,"column":8},"end":{"line":135,"column":5}}]}}}}