TN:
SF:/Users/isp/Projects/hexagon-3d/dist/hexagon.service.js
FN:2,(anonymous_1)
FN:3,(anonymous_2)
FN:19,(anonymous_3)
FNF:3
FNH:2
FNDA:2,(anonymous_1)
FNDA:0,(anonymous_2)
FNDA:2,(anonymous_3)
DA:2,1
DA:3,2
DA:4,0
DA:5,0
DA:6,0
DA:7,0
DA:9,0
DA:11,2
DA:13,1
DA:14,1
DA:15,1
DA:16,1
DA:17,1
DA:18,1
DA:19,1
DA:20,2
DA:21,2
DA:22,2
DA:23,2
DA:24,2
DA:36,2
DA:51,2
DA:137,1
LF:23
LH:18
BRDA:2,1,0,1
BRDA:2,1,1,1
BRDA:2,1,2,1
BRDA:3,2,0,2
BRDA:3,2,1,0
BRDA:6,3,0,0
BRDA:6,3,1,0
BRDA:20,4,0,2
BRDA:20,4,1,0
BRDA:20,5,0,1
BRDA:20,5,1,1
BRDA:20,6,0,2
BRDA:20,6,1,0
BRDA:20,7,0,2
BRDA:20,7,1,0
BRDA:20,8,0,2
BRDA:20,8,1,0
BRDA:20,9,0,2
BRDA:20,9,1,0
BRDA:20,10,0,1
BRDA:20,10,1,1
BRDA:20,11,0,2
BRDA:20,11,1,0
BRDA:20,12,0,2
BRDA:20,12,1,0
BRDA:20,13,0,2
BRDA:20,13,1,0
BRDA:20,14,0,2
BRDA:20,14,1,0
BRDA:47,15,0,0
BRDA:47,15,1,2
BRDA:48,16,0,0
BRDA:48,16,1,2
BRDA:51,17,0,1
BRDA:51,17,1,1
BRF:35
BRH:21
end_of_record
